<?xml version="1.0" encoding="UTF-8"?>
<!-- Generated by org.testng.reporters.JUnitXMLReporter -->
<testsuite hostname="DESKTOP-SBT5OOC" ignored="0" name="Default test" tests="3" failures="0" timestamp="07 Oct 2019 07:14:49 GMT" time="37.554" errors="0">
  <testcase name="LoginPageTitle" time="0.455" classname="com.crm.qa.testcases.LoginPageTest"/>
  <testcase name="LoginPageTitle" time="0.522" classname="com.crm.qa.testcases.LoginPageTest"/>
  <testcase name="LoginPageTitle" time="0.452" classname="com.crm.qa.testcases.LoginPageTest"/>
</testsuite> <!-- Default test -->
