<?xml version="1.0" encoding="UTF-8"?>
<testng-results skipped="0" failed="0" ignored="0" total="3" passed="3">
  <reporter-output>
  </reporter-output>
  <suite name="Default suite" duration-ms="37554" started-at="2019-10-07T07:14:11Z" finished-at="2019-10-07T07:14:48Z">
    <groups>
    </groups>
    <test name="Default test" duration-ms="37554" started-at="2019-10-07T07:14:11Z" finished-at="2019-10-07T07:14:48Z">
      <class name="com.crm.qa.testcases.LoginPageTest">
        <test-method status="PASS" signature="setUp()[pri:0, instance:com.crm.qa.testcases.LoginPageTest@27efef64]" name="setUp" is-config="true" duration-ms="12821" started-at="2019-10-07T07:14:11Z" finished-at="2019-10-07T07:14:24Z">
          <reporter-output>
          </reporter-output>
        </test-method> <!-- setUp -->
        <test-method status="PASS" signature="LoginPageTitle(java.lang.String, java.lang.String, java.lang.String)[pri:0, instance:com.crm.qa.testcases.LoginPageTest@27efef64]" name="LoginPageTitle" duration-ms="455" started-at="2019-10-07T07:14:24Z" data-provider="getCRMTestData" finished-at="2019-10-07T07:14:25Z">
          <params>
            <param index="0">
              <value>
                <![CDATA[agni]]>
              </value>
            </param>
            <param index="1">
              <value>
                <![CDATA[leo]]>
              </value>
            </param>
            <param index="2">
              <value>
                <![CDATA[9533258995]]>
              </value>
            </param>
          </params>
          <reporter-output>
          </reporter-output>
        </test-method> <!-- LoginPageTitle -->
        <test-method status="PASS" signature="tearDown()[pri:0, instance:com.crm.qa.testcases.LoginPageTest@27efef64]" name="tearDown" is-config="true" duration-ms="765" started-at="2019-10-07T07:14:25Z" finished-at="2019-10-07T07:14:25Z">
          <reporter-output>
          </reporter-output>
        </test-method> <!-- tearDown -->
        <test-method status="PASS" signature="setUp()[pri:0, instance:com.crm.qa.testcases.LoginPageTest@27efef64]" name="setUp" is-config="true" duration-ms="9034" started-at="2019-10-07T07:14:25Z" finished-at="2019-10-07T07:14:34Z">
          <reporter-output>
          </reporter-output>
        </test-method> <!-- setUp -->
        <test-method status="PASS" signature="LoginPageTitle(java.lang.String, java.lang.String, java.lang.String)[pri:0, instance:com.crm.qa.testcases.LoginPageTest@27efef64]" name="LoginPageTitle" duration-ms="522" started-at="2019-10-07T07:14:34Z" data-provider="getCRMTestData" finished-at="2019-10-07T07:14:35Z">
          <params>
            <param index="0">
              <value>
                <![CDATA[aish]]>
              </value>
            </param>
            <param index="1">
              <value>
                <![CDATA[sarma]]>
              </value>
            </param>
            <param index="2">
              <value>
                <![CDATA[6309562359]]>
              </value>
            </param>
          </params>
          <reporter-output>
          </reporter-output>
        </test-method> <!-- LoginPageTitle -->
        <test-method status="PASS" signature="tearDown()[pri:0, instance:com.crm.qa.testcases.LoginPageTest@27efef64]" name="tearDown" is-config="true" duration-ms="698" started-at="2019-10-07T07:14:35Z" finished-at="2019-10-07T07:14:36Z">
          <reporter-output>
          </reporter-output>
        </test-method> <!-- tearDown -->
        <test-method status="PASS" signature="setUp()[pri:0, instance:com.crm.qa.testcases.LoginPageTest@27efef64]" name="setUp" is-config="true" duration-ms="11578" started-at="2019-10-07T07:14:36Z" finished-at="2019-10-07T07:14:47Z">
          <reporter-output>
          </reporter-output>
        </test-method> <!-- setUp -->
        <test-method status="PASS" signature="LoginPageTitle(java.lang.String, java.lang.String, java.lang.String)[pri:0, instance:com.crm.qa.testcases.LoginPageTest@27efef64]" name="LoginPageTitle" duration-ms="452" started-at="2019-10-07T07:14:47Z" data-provider="getCRMTestData" finished-at="2019-10-07T07:14:48Z">
          <params>
            <param index="0">
              <value>
                <![CDATA[chaitu]]>
              </value>
            </param>
            <param index="1">
              <value>
                <![CDATA[sarma]]>
              </value>
            </param>
            <param index="2">
              <value>
                <![CDATA[9705935568]]>
              </value>
            </param>
          </params>
          <reporter-output>
          </reporter-output>
        </test-method> <!-- LoginPageTitle -->
        <test-method status="PASS" signature="tearDown()[pri:0, instance:com.crm.qa.testcases.LoginPageTest@27efef64]" name="tearDown" is-config="true" duration-ms="704" started-at="2019-10-07T07:14:48Z" finished-at="2019-10-07T07:14:48Z">
          <reporter-output>
          </reporter-output>
        </test-method> <!-- tearDown -->
      </class> <!-- com.crm.qa.testcases.LoginPageTest -->
    </test> <!-- Default test -->
  </suite> <!-- Default suite -->
</testng-results>
